C:\DATA\CURRENT\C++GUI\OOP1\WATTOOP\DEBUG\WATTOOP.EXE
C:\DATA\CURRENT\C++GUI\OOP1\WATTOOP\DEBUG\WATTOOP.ILK
C:\DATA\CURRENT\C++GUI\OOP1\WATTOOP\DEBUG\WATTOOP.PDB
C:\data\current\C++GUI\OOP1\WattOOP\WattOOP\Debug\cl.command.1.tlog
C:\data\current\C++GUI\OOP1\WattOOP\WattOOP\Debug\CL.read.1.tlog
C:\data\current\C++GUI\OOP1\WattOOP\WattOOP\Debug\CL.write.1.tlog
C:\data\current\C++GUI\OOP1\WattOOP\WattOOP\Debug\link.1520.read.1.tlog
C:\data\current\C++GUI\OOP1\WattOOP\WattOOP\Debug\link.1520.write.1.tlog
C:\data\current\C++GUI\OOP1\WattOOP\WattOOP\Debug\link.1520-cvtres.read.1.tlog
C:\data\current\C++GUI\OOP1\WattOOP\WattOOP\Debug\link.1520-cvtres.write.1.tlog
C:\data\current\C++GUI\OOP1\WattOOP\WattOOP\Debug\link.3668.read.1.tlog
C:\data\current\C++GUI\OOP1\WattOOP\WattOOP\Debug\link.3668.write.1.tlog
C:\data\current\C++GUI\OOP1\WattOOP\WattOOP\Debug\link.3668-cvtres.read.1.tlog
C:\data\current\C++GUI\OOP1\WattOOP\WattOOP\Debug\link.3668-cvtres.write.1.tlog
C:\data\current\C++GUI\OOP1\WattOOP\WattOOP\Debug\link.command.1.tlog
C:\data\current\C++GUI\OOP1\WattOOP\WattOOP\Debug\link.read.1.tlog
C:\data\current\C++GUI\OOP1\WattOOP\WattOOP\Debug\link.write.1.tlog
C:\data\current\C++GUI\OOP1\WattOOP\WattOOP\Debug\link-cvtres.read.1.tlog
C:\data\current\C++GUI\OOP1\WattOOP\WattOOP\Debug\link-cvtres.write.1.tlog
C:\data\current\C++GUI\OOP1\WattOOP\WattOOP\Debug\mt.command.1.tlog
C:\data\current\C++GUI\OOP1\WattOOP\WattOOP\Debug\mt.read.1.tlog
C:\data\current\C++GUI\OOP1\WattOOP\WattOOP\Debug\mt.write.1.tlog
C:\DATA\CURRENT\C++GUI\OOP1\WATTOOP\WATTOOP\DEBUG\PASSWORD.OBJ
C:\data\current\C++GUI\OOP1\WattOOP\WattOOP\Debug\rc.command.1.tlog
C:\data\current\C++GUI\OOP1\WattOOP\WattOOP\Debug\rc.read.1.tlog
C:\data\current\C++GUI\OOP1\WattOOP\WattOOP\Debug\rc.write.1.tlog
C:\DATA\CURRENT\C++GUI\OOP1\WATTOOP\WATTOOP\DEBUG\STDAFX.OBJ
C:\data\current\C++GUI\OOP1\WattOOP\WattOOP\Debug\vc100.idb
C:\DATA\CURRENT\C++GUI\OOP1\WATTOOP\WATTOOP\DEBUG\VC100.PDB
C:\DATA\CURRENT\C++GUI\OOP1\WATTOOP\WATTOOP\DEBUG\WATTOOP.EXE.EMBED.MANIFEST
C:\DATA\CURRENT\C++GUI\OOP1\WATTOOP\WATTOOP\DEBUG\WATTOOP.EXE.EMBED.MANIFEST.RES
C:\DATA\CURRENT\C++GUI\OOP1\WATTOOP\WATTOOP\DEBUG\WATTOOP.EXE.INTERMEDIATE.MANIFEST
C:\DATA\CURRENT\C++GUI\OOP1\WATTOOP\WATTOOP\DEBUG\WATTOOP.OBJ
C:\DATA\CURRENT\C++GUI\OOP1\WATTOOP\WATTOOP\DEBUG\WATTOOP.PCH
C:\DATA\CURRENT\C++GUI\OOP1\WATTOOP\WATTOOP\DEBUG\WATTOOP.RES
C:\data\current\C++GUI\OOP1\WattOOP\WattOOP\Debug\WattOOP_manifest.rc
C:\DATA\CURRENT\C++GUI\OOP1\WATTOOP\WATTOOP\DEBUG\WATTOOPDLG.OBJ
O:\DATA\CURRENT\C++GUI\OOP1\WATTOOP\WATTOOP\DEBUG\STDAFX.OBJ
O:\DATA\CURRENT\C++GUI\OOP1\WATTOOP\WATTOOP\DEBUG\VC100.PDB
O:\DATA\CURRENT\C++GUI\OOP1\WATTOOP\WATTOOP\DEBUG\WATTOOP.EXE.EMBED.MANIFEST.RES
O:\DATA\CURRENT\C++GUI\OOP1\WATTOOP\WATTOOP\DEBUG\WATTOOP.OBJ
O:\DATA\CURRENT\C++GUI\OOP1\WATTOOP\WATTOOP\DEBUG\WATTOOP.PCH
O:\DATA\CURRENT\C++GUI\OOP1\WATTOOP\WATTOOP\DEBUG\WATTOOP.RES
O:\DATA\CURRENT\C++GUI\OOP1\WATTOOP\WATTOOP\DEBUG\WATTOOPDLG.OBJ
