C:\DATA\CURRENT\C++GUI\FIRSTSDIJW\DEBUG\FIRSTSDI.EXE
C:\DATA\CURRENT\C++GUI\FIRSTSDIJW\DEBUG\FIRSTSDI.ILK
C:\DATA\CURRENT\C++GUI\FIRSTSDIJW\DEBUG\FIRSTSDI.PDB
C:\DATA\CURRENT\C++GUI\FIRSTSDIJW\FIRSTSDI\DEBUG\CLASSVIEW.OBJ
C:\DATA\CURRENT\C++GUI\FIRSTSDIJW\FIRSTSDI\DEBUG\CLIENTPROFILE.OBJ
C:\DATA\CURRENT\C++GUI\FIRSTSDIJW\FIRSTSDI\DEBUG\CSECONDDIALOG.OBJ
C:\DATA\CURRENT\C++GUI\FIRSTSDIJW\FIRSTSDI\DEBUG\FILEVIEW.OBJ
C:\DATA\CURRENT\C++GUI\FIRSTSDIJW\FIRSTSDI\DEBUG\FIRSTSDI.EXE.EMBED.MANIFEST
C:\DATA\CURRENT\C++GUI\FIRSTSDIJW\FIRSTSDI\DEBUG\FIRSTSDI.EXE.EMBED.MANIFEST.RES
C:\DATA\CURRENT\C++GUI\FIRSTSDIJW\FIRSTSDI\DEBUG\FIRSTSDI.EXE.INTERMEDIATE.MANIFEST
C:\DATA\CURRENT\C++GUI\FIRSTSDIJW\FIRSTSDI\DEBUG\FIRSTSDI.OBJ
C:\DATA\CURRENT\C++GUI\FIRSTSDIJW\FIRSTSDI\DEBUG\FIRSTSDI.PCH
C:\DATA\CURRENT\C++GUI\FIRSTSDIJW\FIRSTSDI\DEBUG\FIRSTSDI.RES
C:\DATA\CURRENT\C++GUI\FIRSTSDIJW\FIRSTSDI\DEBUG\FIRSTSDIDOC.OBJ
C:\DATA\CURRENT\C++GUI\FIRSTSDIJW\FIRSTSDI\DEBUG\FIRSTSDIVIEW.OBJ
C:\DATA\CURRENT\C++GUI\FIRSTSDIJW\FIRSTSDI\DEBUG\MAINFRM.OBJ
C:\DATA\CURRENT\C++GUI\FIRSTSDIJW\FIRSTSDI\DEBUG\OUTPUTWND.OBJ
C:\DATA\CURRENT\C++GUI\FIRSTSDIJW\FIRSTSDI\DEBUG\PROPERTIESWND.OBJ
C:\DATA\CURRENT\C++GUI\FIRSTSDIJW\FIRSTSDI\DEBUG\STDAFX.OBJ
C:\DATA\CURRENT\C++GUI\FIRSTSDIJW\FIRSTSDI\DEBUG\VC100.PDB
C:\DATA\CURRENT\C++GUI\FIRSTSDIJW\FIRSTSDI\DEBUG\VIEWTREE.OBJ
C:\Users\2014617\Dropbox\data\current\C++GUI\FirstSDIJW\Debug\FirstSDI.exe
C:\Users\2014617\Dropbox\data\current\C++GUI\FirstSDIJW\Debug\FirstSDI.ilk
C:\Users\2014617\Dropbox\data\current\C++GUI\FirstSDIJW\Debug\FirstSDI.pdb
C:\Users\2014617\Dropbox\data\current\C++GUI\FirstSDIJW\FirstSDI\Debug\cl.command.1.tlog
C:\Users\2014617\Dropbox\data\current\C++GUI\FirstSDIJW\FirstSDI\Debug\CL.read.1.tlog
C:\Users\2014617\Dropbox\data\current\C++GUI\FirstSDIJW\FirstSDI\Debug\CL.write.1.tlog
C:\USERS\2014617\DROPBOX\DATA\CURRENT\C++GUI\FIRSTSDIJW\FIRSTSDI\DEBUG\CLASSVIEW.OBJ
C:\USERS\2014617\DROPBOX\DATA\CURRENT\C++GUI\FIRSTSDIJW\FIRSTSDI\DEBUG\CLIENTPROFILE.OBJ
C:\USERS\2014617\DROPBOX\DATA\CURRENT\C++GUI\FIRSTSDIJW\FIRSTSDI\DEBUG\CSECONDDIALOG.OBJ
C:\USERS\2014617\DROPBOX\DATA\CURRENT\C++GUI\FIRSTSDIJW\FIRSTSDI\DEBUG\FILEVIEW.OBJ
C:\Users\2014617\Dropbox\data\current\C++GUI\FirstSDIJW\FirstSDI\Debug\FirstSDI.exe.embed.manifest
C:\Users\2014617\Dropbox\data\current\C++GUI\FirstSDIJW\FirstSDI\Debug\FirstSDI.exe.embed.manifest.res
C:\Users\2014617\Dropbox\data\current\C++GUI\FirstSDIJW\FirstSDI\Debug\FirstSDI.exe.intermediate.manifest
C:\USERS\2014617\DROPBOX\DATA\CURRENT\C++GUI\FIRSTSDIJW\FIRSTSDI\DEBUG\FIRSTSDI.PCH
C:\Users\2014617\Dropbox\data\current\C++GUI\FirstSDIJW\FirstSDI\Debug\FirstSDI.res
C:\Users\2014617\Dropbox\data\current\C++GUI\FirstSDIJW\FirstSDI\Debug\FirstSDI_manifest.rc
C:\USERS\2014617\DROPBOX\DATA\CURRENT\C++GUI\FIRSTSDIJW\FIRSTSDI\DEBUG\FIRSTSDIDOC.OBJ
C:\USERS\2014617\DROPBOX\DATA\CURRENT\C++GUI\FIRSTSDIJW\FIRSTSDI\DEBUG\FIRSTSDIVIEW.OBJ
C:\Users\2014617\Dropbox\data\current\C++GUI\FirstSDIJW\FirstSDI\Debug\link.1976.read.1.tlog
C:\Users\2014617\Dropbox\data\current\C++GUI\FirstSDIJW\FirstSDI\Debug\link.1976.write.1.tlog
C:\Users\2014617\Dropbox\data\current\C++GUI\FirstSDIJW\FirstSDI\Debug\link.1976-cvtres.read.1.tlog
C:\Users\2014617\Dropbox\data\current\C++GUI\FirstSDIJW\FirstSDI\Debug\link.1976-cvtres.write.1.tlog
C:\Users\2014617\Dropbox\data\current\C++GUI\FirstSDIJW\FirstSDI\Debug\link.2408.read.1.tlog
C:\Users\2014617\Dropbox\data\current\C++GUI\FirstSDIJW\FirstSDI\Debug\link.2408.write.1.tlog
C:\Users\2014617\Dropbox\data\current\C++GUI\FirstSDIJW\FirstSDI\Debug\link.2408-cvtres.read.1.tlog
C:\Users\2014617\Dropbox\data\current\C++GUI\FirstSDIJW\FirstSDI\Debug\link.2408-cvtres.write.1.tlog
C:\Users\2014617\Dropbox\data\current\C++GUI\FirstSDIJW\FirstSDI\Debug\link.command.1.tlog
C:\Users\2014617\Dropbox\data\current\C++GUI\FirstSDIJW\FirstSDI\Debug\link.read.1.tlog
C:\Users\2014617\Dropbox\data\current\C++GUI\FirstSDIJW\FirstSDI\Debug\link.write.1.tlog
C:\Users\2014617\Dropbox\data\current\C++GUI\FirstSDIJW\FirstSDI\Debug\link-cvtres.read.1.tlog
C:\Users\2014617\Dropbox\data\current\C++GUI\FirstSDIJW\FirstSDI\Debug\link-cvtres.write.1.tlog
C:\USERS\2014617\DROPBOX\DATA\CURRENT\C++GUI\FIRSTSDIJW\FIRSTSDI\DEBUG\MAINFRM.OBJ
C:\Users\2014617\Dropbox\data\current\C++GUI\FirstSDIJW\FirstSDI\Debug\mt.command.1.tlog
C:\Users\2014617\Dropbox\data\current\C++GUI\FirstSDIJW\FirstSDI\Debug\mt.read.1.tlog
C:\Users\2014617\Dropbox\data\current\C++GUI\FirstSDIJW\FirstSDI\Debug\mt.write.1.tlog
C:\USERS\2014617\DROPBOX\DATA\CURRENT\C++GUI\FIRSTSDIJW\FIRSTSDI\DEBUG\OUTPUTWND.OBJ
C:\USERS\2014617\DROPBOX\DATA\CURRENT\C++GUI\FIRSTSDIJW\FIRSTSDI\DEBUG\PROPERTIESWND.OBJ
C:\Users\2014617\Dropbox\data\current\C++GUI\FirstSDIJW\FirstSDI\Debug\rc.command.1.tlog
C:\Users\2014617\Dropbox\data\current\C++GUI\FirstSDIJW\FirstSDI\Debug\rc.read.1.tlog
C:\Users\2014617\Dropbox\data\current\C++GUI\FirstSDIJW\FirstSDI\Debug\rc.write.1.tlog
C:\USERS\2014617\DROPBOX\DATA\CURRENT\C++GUI\FIRSTSDIJW\FIRSTSDI\DEBUG\STDAFX.OBJ
C:\Users\2014617\Dropbox\data\current\C++GUI\FirstSDIJW\FirstSDI\Debug\vc100.idb
C:\USERS\2014617\DROPBOX\DATA\CURRENT\C++GUI\FIRSTSDIJW\FIRSTSDI\DEBUG\VC100.PDB
C:\USERS\2014617\DROPBOX\DATA\CURRENT\C++GUI\FIRSTSDIJW\FIRSTSDI\DEBUG\VIEWTREE.OBJ
