Build started 11/5/2012 8:33:49 PM.
     1>Project "C:\Users\2014617\Dropbox\current\C++GUI\paint\paint\paint.vcxproj" on node 2 (build target(s)).
     1>InitializeBuildStatus:
         Creating "Debug\paint.unsuccessfulbuild" because "AlwaysCreate" was specified.
       ClCompile:
         All outputs are up-to-date.
         C:\Program Files\Microsoft Visual Studio 10.0\VC\bin\CL.exe /c /ZI /nologo /W3 /WX- /Od /Oy- /D WIN32 /D _WINDOWS /D _DEBUG /D _MBCS /D _AFXDLL /Gm /EHsc /RTC1 /MDd /GS /fp:precise /Zc:wchar_t /Zc:forScope /Yu"StdAfx.h" /Fp"Debug\paint.pch" /Fo"Debug\\" /Fd"Debug\vc100.pdb" /Gd /TP /analyze- /errorReport:prompt paintView.cpp
         paintView.cpp
     1>c:\users\2014617\dropbox\current\c++gui\paint\paint\paintview.cpp(152): warning C4996: 'strcpy': This function or variable may be unsafe. Consider using strcpy_s instead. To disable deprecation, use _CRT_SECURE_NO_WARNINGS. See online help for details.
                 c:\program files\microsoft visual studio 10.0\vc\include\string.h(105) : see declaration of 'strcpy'
       ResourceCompile:
         All outputs are up-to-date.
       ManifestResourceCompile:
         All outputs are up-to-date.
       Link:
         C:\Program Files\Microsoft Visual Studio 10.0\VC\bin\link.exe /ERRORREPORT:PROMPT /OUT:"C:\Users\2014617\Dropbox\current\C++GUI\paint\Debug\paint.exe" /INCREMENTAL /NOLOGO /MANIFEST /ManifestFile:"Debug\paint.exe.intermediate.manifest" /MANIFESTUAC:"level='asInvoker' uiAccess='false'" /DEBUG /PDB:"C:\Users\2014617\Dropbox\current\C++GUI\paint\Debug\paint.pdb" /SUBSYSTEM:WINDOWS /TLBID:1 /DYNAMICBASE /NXCOMPAT /IMPLIB:"C:\Users\2014617\Dropbox\current\C++GUI\paint\Debug\paint.lib" /MACHINE:X86 Debug\paint.res
         Debug\paint.exe.embed.manifest.res
         Debug\MainFrm.obj
         Debug\paint.obj
         Debug\paintDoc.obj
         Debug\paintView.obj
         Debug\stdafx.obj
       Manifest:
         C:\Program Files\Microsoft SDKs\Windows\v7.0A\bin\mt.exe /nologo /verbose /out:"Debug\paint.exe.embed.manifest" /manifest Debug\paint.exe.intermediate.manifest "C:\Program Files\Microsoft Visual Studio 10.0\VC\Include\Manifest\dpiaware.manifest"
         All outputs are up-to-date.
       LinkEmbedManifest:
         All outputs are up-to-date.
         paint.vcxproj -> C:\Users\2014617\Dropbox\current\C++GUI\paint\Debug\paint.exe
       FinalizeBuildStatus:
         Deleting file "Debug\paint.unsuccessfulbuild".
         Touching "Debug\paint.lastbuildstate".
     1>Done Building Project "C:\Users\2014617\Dropbox\current\C++GUI\paint\paint\paint.vcxproj" (build target(s)).

Build succeeded.

Time Elapsed 00:00:00.95
