Build started 10/4/2012 4:16:58 PM.
     1>Project "C:\Users\2014617\Dropbox\data\current\C++GUI\FirstSDI\FirstSDI\FirstSDI.vcxproj" on node 2 (build target(s)).
     1>PrepareForBuild:
         Creating directory "C:\Users\2014617\Dropbox\data\current\C++GUI\FirstSDI\Debug\".
       InitializeBuildStatus:
         Creating "Debug\FirstSDI.unsuccessfulbuild" because "AlwaysCreate" was specified.
       Midl:
         C:\Program Files\Microsoft SDKs\Windows\v7.0A\bin\midl.exe /D _DEBUG /W1 /nologo /char signed /env win32 /h "FirstSDIidl.h" /tlb "Debug\FirstSDI.tlb" /robust FirstSDI.idl 
         Processing .\FirstSDI.idl
         FirstSDI.idl
         Processing C:\Program Files\Microsoft SDKs\Windows\v7.0A\include\oaidl.idl
         oaidl.idl
         Processing C:\Program Files\Microsoft SDKs\Windows\v7.0A\include\objidl.idl
         objidl.idl
         Processing C:\Program Files\Microsoft SDKs\Windows\v7.0A\include\unknwn.idl
         unknwn.idl
         Processing C:\Program Files\Microsoft SDKs\Windows\v7.0A\include\wtypes.idl
         wtypes.idl
         Processing C:\Program Files\Microsoft SDKs\Windows\v7.0A\include\basetsd.h
         basetsd.h
         Processing C:\Program Files\Microsoft SDKs\Windows\v7.0A\include\guiddef.h
         guiddef.h
         Processing C:\Program Files\Microsoft SDKs\Windows\v7.0A\include\oaidl.acf
         oaidl.acf
       ClCompile:
         C:\Program Files\Microsoft Visual Studio 10.0\VC\bin\CL.exe /c /ZI /nologo /W3 /WX- /Od /Oy- /D WIN32 /D _WINDOWS /D _DEBUG /D _USRDLL /D _WINDLL /D _UNICODE /D UNICODE /D _AFXDLL /Gm /EHsc /RTC1 /MDd /GS /fp:precise /Zc:wchar_t /Zc:forScope /Yc"StdAfx.h" /Fp"Debug\FirstSDI.pch" /Fo"Debug\\" /Fd"Debug\vc100.pdb" /Gd /TP /analyze- /errorReport:prompt stdafx.cpp
         stdafx.cpp
         C:\Program Files\Microsoft Visual Studio 10.0\VC\bin\CL.exe /c /ZI /nologo /W3 /WX- /Od /Oy- /D WIN32 /D _WINDOWS /D _DEBUG /D _USRDLL /D _WINDLL /D _UNICODE /D UNICODE /D _AFXDLL /Gm /EHsc /RTC1 /MDd /GS /fp:precise /Zc:wchar_t /Zc:forScope /Yu"StdAfx.h" /Fp"Debug\FirstSDI.pch" /Fo"Debug\\" /Fd"Debug\vc100.pdb" /Gd /TP /analyze- /errorReport:prompt FirstSDI.cpp FirstSDICtrl.cpp FirstSDIPropPage.cpp
         FirstSDIPropPage.cpp
         FirstSDICtrl.cpp
         FirstSDI.cpp
         Generating Code...
       ResourceCompile:
         C:\Program Files\Microsoft SDKs\Windows\v7.0A\bin\rc.exe /D _DEBUG /D _UNICODE /D UNICODE /D _AFXDLL /l"0x0409" /IDebug\ /nologo /fo"Debug\FirstSDI.res" FirstSDI.rc 
       ManifestResourceCompile:
         C:\Program Files\Microsoft SDKs\Windows\v7.0A\bin\rc.exe /nologo /fo"Debug\FirstSDI.ocx.embed.manifest.res" Debug\FirstSDI_manifest.rc 
       Link:
         C:\Program Files\Microsoft Visual Studio 10.0\VC\bin\link.exe /ERRORREPORT:PROMPT /OUT:"C:\Users\2014617\Dropbox\data\current\C++GUI\FirstSDI\Debug\FirstSDI.ocx" /INCREMENTAL /NOLOGO /DEF:".\FirstSDI.def" /MANIFEST /ManifestFile:"Debug\FirstSDI.ocx.intermediate.manifest" /MANIFESTUAC:"level='asInvoker' uiAccess='false'" /DEBUG /PDB:"C:\Users\2014617\Dropbox\data\current\C++GUI\FirstSDI\Debug\FirstSDI.pdb" /SUBSYSTEM:WINDOWS /TLBID:1 /DYNAMICBASE /NXCOMPAT /IMPLIB:"C:\Users\2014617\Dropbox\data\current\C++GUI\FirstSDI\Debug\FirstSDI.lib" /MACHINE:X86 /DLL Debug\FirstSDI.res
         Debug\FirstSDI.ocx.embed.manifest.res
         Debug\FirstSDI.obj
         Debug\FirstSDICtrl.obj
         Debug\FirstSDIPropPage.obj
         Debug\stdafx.obj
            Creating library C:\Users\2014617\Dropbox\data\current\C++GUI\FirstSDI\Debug\FirstSDI.lib and object C:\Users\2014617\Dropbox\data\current\C++GUI\FirstSDI\Debug\FirstSDI.exp
       Manifest:
         C:\Program Files\Microsoft SDKs\Windows\v7.0A\bin\mt.exe /nologo /verbose /out:"Debug\FirstSDI.ocx.embed.manifest" /manifest Debug\FirstSDI.ocx.intermediate.manifest "C:\Program Files\Microsoft Visual Studio 10.0\VC\Include\Manifest\dpiaware.manifest"
         C:\Program Files\Microsoft SDKs\Windows\v7.0A\bin\rc.exe /nologo /fo"Debug\FirstSDI.ocx.embed.manifest.res" Debug\FirstSDI_manifest.rc 
       LinkEmbedManifest:
         C:\Program Files\Microsoft Visual Studio 10.0\VC\bin\link.exe /ERRORREPORT:PROMPT /OUT:"C:\Users\2014617\Dropbox\data\current\C++GUI\FirstSDI\Debug\FirstSDI.ocx" /INCREMENTAL /NOLOGO /DEF:".\FirstSDI.def" /MANIFEST /ManifestFile:"Debug\FirstSDI.ocx.intermediate.manifest" /MANIFESTUAC:"level='asInvoker' uiAccess='false'" /DEBUG /PDB:"C:\Users\2014617\Dropbox\data\current\C++GUI\FirstSDI\Debug\FirstSDI.pdb" /SUBSYSTEM:WINDOWS /TLBID:1 /DYNAMICBASE /NXCOMPAT /IMPLIB:"C:\Users\2014617\Dropbox\data\current\C++GUI\FirstSDI\Debug\FirstSDI.lib" /MACHINE:X86 /DLL Debug\FirstSDI.res
         Debug\FirstSDI.ocx.embed.manifest.res
         Debug\FirstSDI.obj
         Debug\FirstSDICtrl.obj
         Debug\FirstSDIPropPage.obj
         Debug\stdafx.obj
         FirstSDI.vcxproj -> C:\Users\2014617\Dropbox\data\current\C++GUI\FirstSDI\Debug\FirstSDI.ocx
       RegisterOutput:
         regsvr32 /s "C:\Users\2014617\Dropbox\data\current\C++GUI\FirstSDI\Debug\FirstSDI.ocx"
       FinalizeBuildStatus:
         Deleting file "Debug\FirstSDI.unsuccessfulbuild".
         Touching "Debug\FirstSDI.lastbuildstate".
     1>Done Building Project "C:\Users\2014617\Dropbox\data\current\C++GUI\FirstSDI\FirstSDI\FirstSDI.vcxproj" (build target(s)).

Build succeeded.

Time Elapsed 00:00:22.37
